Added Pin To Net: NetName=+5 Pin=CON5-3
Added Pin To Net: NetName=+5 Pin=CON5-4
Added Pin To Net: NetName=+5 Pin=CON8-2
Added Net: Name=+5
Added Pin To Net: NetName=+12 Pin=CON5-5
Added Pin To Net: NetName=+12 Pin=CON7-2
Added Pin To Net: NetName=+12 Pin=R8-2
Added Pin To Net: NetName=+12 Pin=U1-15
Added Net: Name=+12
Added Pin To Net: NetName=3V3p Pin=CON2-4
Added Pin To Net: NetName=3V3p Pin=CON3-3
Added Pin To Net: NetName=3V3p Pin=CON6-4
Added Pin To Net: NetName=3V3p Pin=CON?-3
Added Pin To Net: NetName=3V3p Pin=R1-1
Added Pin To Net: NetName=3V3p Pin=R4-1
Added Pin To Net: NetName=3V3p Pin=R7-1
Added Pin To Net: NetName=3V3p Pin=U1-16
Added Net: Name=3V3p
Added Pin To Net: NetName=3V3 Pin=R3-2
Added Net: Name=3V3
Added Pin To Net: NetName=Corrente1 Pin=CON3-2
Added Pin To Net: NetName=Corrente1 Pin=U1-11
Added Net: Name=Corrente1
Added Pin To Net: NetName=Corrente2 Pin=CON?-2
Added Pin To Net: NetName=Corrente2 Pin=U1-10
Added Net: Name=Corrente2
Added Pin To Net: NetName=en Pin=Q1-1
Added Pin To Net: NetName=en Pin=R3-1
Added Pin To Net: NetName=en Pin=U1-1
Added Net: Name=en
Added Pin To Net: NetName=GND Pin=CON1-1
Added Pin To Net: NetName=GND Pin=CON2-1
Added Pin To Net: NetName=GND Pin=CON3-1
Added Pin To Net: NetName=GND Pin=CON4-1
Added Pin To Net: NetName=GND Pin=CON5-1
Added Pin To Net: NetName=GND Pin=CON5-2
Added Pin To Net: NetName=GND Pin=CON6-1
Added Pin To Net: NetName=GND Pin=CON7-1
Added Pin To Net: NetName=GND Pin=CON8-1
Added Pin To Net: NetName=GND Pin=CON?-1
Added Pin To Net: NetName=GND Pin=D1-2
Added Pin To Net: NetName=GND Pin=Q1-3
Added Pin To Net: NetName=GND Pin=R6-2
Added Pin To Net: NetName=GND Pin=U1-14
Added Pin To Net: NetName=GND Pin=U1-17
Added Net: Name=GND
Added Pin To Net: NetName=NetCON1_2 Pin=CON1-2
Added Pin To Net: NetName=NetCON1_2 Pin=R2-2
Added Net: Name=NetCON1_2
Added Pin To Net: NetName=NetD1_1 Pin=D1-1
Added Pin To Net: NetName=NetD1_1 Pin=R8-1
Added Net: Name=NetD1_1
Added Pin To Net: NetName=NetQ1_2 Pin=Q1-2
Added Pin To Net: NetName=NetQ1_2 Pin=R2-1
Added Net: Name=NetQ1_2
Added Pin To Net: NetName=SCL_IN Pin=CON6-2
Added Pin To Net: NetName=SCL_IN Pin=R4-2
Added Pin To Net: NetName=SCL_IN Pin=U1-30
Added Net: Name=SCL_IN
Added Pin To Net: NetName=SDA_IN Pin=CON6-3
Added Pin To Net: NetName=SDA_IN Pin=R7-2
Added Pin To Net: NetName=SDA_IN Pin=U1-29
Added Net: Name=SDA_IN
Added Pin To Net: NetName=Temperatura Pin=CON2-3
Added Pin To Net: NetName=Temperatura Pin=R1-2
Added Pin To Net: NetName=Temperatura Pin=U1-12
Added Net: Name=Temperatura
Added Pin To Net: NetName=TensãoBat Pin=R5-2
Added Pin To Net: NetName=TensãoBat Pin=R6-1
Added Pin To Net: NetName=TensãoBat Pin=U1-13
Added Net: Name=TensãoBat
Added Pin To Net: NetName=VCC Pin=CON4-2
Added Pin To Net: NetName=VCC Pin=R5-1
Added Net: Name=VCC
Added Class: Name=Telemetria
Added Room: Name=Telemetria
