Added Component: Designator=CON2(KK_3vias_180º)
Add component (AddParameter): Name = "Descrição"; Value = "Conector KK 3 vias com passo 2.54mm"; VariantName = "[No Variations]"
Add component (AddParameter): Name = "Encapsulamento"; Value = "PTH - 180º"; VariantName = "[No Variations]"
Add component (AddParameter): Name = "Marca"; Value = ""; VariantName = "[No Variations]"
Add component (AddParameter): Name = "Modelo"; Value = "3 vias - 180º"; VariantName = "[No Variations]"
Add component (AddParameter): Name = "Observação"; Value = ""; VariantName = "[No Variations]"
Add component (AddParameter): Name = "Valor"; Value = "KK 3 vias 180º"; VariantName = "[No Variations]"
Added Pin To Net: NetName=+5 Pin=CON3-3
Added Pin To Net: NetName=+5 Pin=CON3-4
Added Pin To Net: NetName=+5 Pin=CON5-2
Added Pin To Net: NetName=+5 Pin=D2-1
Added Pin To Net: NetName=+5 Pin=IC1-5
Added Pin To Net: NetName=+5 Pin=K1-1
Added Pin To Net: NetName=+5 Pin=Q1-1
Added Net: Name=+5
Added Pin To Net: NetName=+12 Pin=CON8-2
Added Pin To Net: NetName=+12 Pin=F1-1
Added Pin To Net: NetName=+12 Pin=K1-2
Added Pin To Net: NetName=+12 Pin=R2-2
Added Pin To Net: NetName=+12 Pin=U1-15
Added Net: Name=+12
Added Pin To Net: NetName=-motor_d1 Pin=CON6-2
Added Pin To Net: NetName=-motor_d1 Pin=U1-4
Added Net: Name=-motor_d1
Added Pin To Net: NetName=-motor_d2 Pin=CON6-4
Added Pin To Net: NetName=-motor_d2 Pin=U1-2
Added Net: Name=-motor_d2
Added Pin To Net: NetName=-motor_e1 Pin=CON9-2
Added Pin To Net: NetName=-motor_e1 Pin=U1-8
Added Net: Name=-motor_e1
Added Pin To Net: NetName=-motor_e2 Pin=CON9-4
Added Pin To Net: NetName=-motor_e2 Pin=U1-6
Added Net: Name=-motor_e2
Added Pin To Net: NetName=3V3p Pin=U1-16
Added Net: Name=3V3p
Added Pin To Net: NetName=3V3 Pin=CON1-8
Added Pin To Net: NetName=3V3 Pin=CON4-8
Added Pin To Net: NetName=3V3 Pin=CON11-4
Added Pin To Net: NetName=3V3 Pin=R3-1
Added Pin To Net: NetName=3V3 Pin=R4-1
Added Pin To Net: NetName=3V3 Pin=R10-2
Added Net: Name=3V3
Added Pin To Net: NetName=buttom_2 Pin=CON2-2
Added Pin To Net: NetName=buttom_2 Pin=R1-2
Added Pin To Net: NetName=buttom_2 Pin=U1-23
Added Net: Name=buttom_2
Added Pin To Net: NetName=buttom Pin=CON2-3
Added Pin To Net: NetName=buttom Pin=R11-2
Added Pin To Net: NetName=buttom Pin=U1-22
Added Net: Name=buttom
Added Pin To Net: NetName=en Pin=Q3-1
Added Pin To Net: NetName=en Pin=R10-1
Added Pin To Net: NetName=en Pin=U1-1
Added Net: Name=en
Added Pin To Net: NetName=GND Pin=CON1-6
Added Pin To Net: NetName=GND Pin=CON2-1
Added Pin To Net: NetName=GND Pin=CON3-1
Added Pin To Net: NetName=GND Pin=CON3-2
Added Pin To Net: NetName=GND Pin=CON4-6
Added Pin To Net: NetName=GND Pin=CON5-1
Added Pin To Net: NetName=GND Pin=CON8-1
Added Pin To Net: NetName=GND Pin=CON10-1
Added Pin To Net: NetName=GND Pin=CON11-1
Added Pin To Net: NetName=GND Pin=CON13-1
Added Pin To Net: NetName=GND Pin=D1-2
Added Pin To Net: NetName=GND Pin=D3-2
Added Pin To Net: NetName=GND Pin=D4-2
Added Pin To Net: NetName=GND Pin=IC1-2
Added Pin To Net: NetName=GND Pin=Q2-3
Added Pin To Net: NetName=GND Pin=Q3-3
Added Pin To Net: NetName=GND Pin=R1-1
Added Pin To Net: NetName=GND Pin=R11-1
Added Pin To Net: NetName=GND Pin=U1-14
Added Pin To Net: NetName=GND Pin=U1-17
Added Net: Name=GND
Added Pin To Net: NetName=MISO Pin=CON1-4
Added Pin To Net: NetName=MISO Pin=CON4-4
Added Pin To Net: NetName=MISO Pin=U1-25
Added Net: Name=MISO
Added Pin To Net: NetName=MOSI Pin=CON1-3
Added Pin To Net: NetName=MOSI Pin=CON4-3
Added Pin To Net: NetName=MOSI Pin=U1-30
Added Net: Name=MOSI
Added Pin To Net: NetName=motor_d1 Pin=CON6-1
Added Pin To Net: NetName=motor_d1 Pin=U1-5
Added Net: Name=motor_d1
Added Pin To Net: NetName=motor_d2 Pin=CON6-3
Added Pin To Net: NetName=motor_d2 Pin=U1-3
Added Net: Name=motor_d2
Added Pin To Net: NetName=motor_e1 Pin=CON9-1
Added Pin To Net: NetName=motor_e1 Pin=U1-9
Added Net: Name=motor_e1
Added Pin To Net: NetName=motor_e2 Pin=CON9-3
Added Pin To Net: NetName=motor_e2 Pin=U1-7
Added Net: Name=motor_e2
Added Pin To Net: NetName=NetCON3_5 Pin=CON3-5
Added Pin To Net: NetName=NetCON3_5 Pin=F1-2
Added Net: Name=NetCON3_5
Added Pin To Net: NetName=NetCON10_2 Pin=CON10-2
Added Pin To Net: NetName=NetCON10_2 Pin=D3-1
Added Pin To Net: NetName=NetCON10_2 Pin=K1-5
Added Net: Name=NetCON10_2
Added Pin To Net: NetName=NetCON13_2 Pin=CON13-2
Added Pin To Net: NetName=NetCON13_2 Pin=R9-2
Added Net: Name=NetCON13_2
Added Pin To Net: NetName=NetD1_1 Pin=D1-1
Added Pin To Net: NetName=NetD1_1 Pin=R2-1
Added Net: Name=NetD1_1
Added Pin To Net: NetName=NetD2_2 Pin=D2-2
Added Pin To Net: NetName=NetD2_2 Pin=K1-3
Added Pin To Net: NetName=NetD2_2 Pin=Q2-1
Added Net: Name=NetD2_2
Added Pin To Net: NetName=NetD4_1 Pin=D4-1
Added Pin To Net: NetName=NetD4_1 Pin=R6-2
Added Net: Name=NetD4_1
Added Pin To Net: NetName=NetIC1_1 Pin=IC1-1
Added Pin To Net: NetName=NetIC1_1 Pin=R7-1
Added Net: Name=NetIC1_1
Added Pin To Net: NetName=NetIC1_4 Pin=IC1-4
Added Pin To Net: NetName=NetIC1_4 Pin=R8-2
Added Net: Name=NetIC1_4
Added Pin To Net: NetName=NetQ1_2 Pin=Q1-2
Added Pin To Net: NetName=NetQ1_2 Pin=R5-2
Added Net: Name=NetQ1_2
Added Pin To Net: NetName=NetQ1_3 Pin=Q1-3
Added Pin To Net: NetName=NetQ1_3 Pin=R6-1
Added Pin To Net: NetName=NetQ1_3 Pin=R7-2
Added Net: Name=NetQ1_3
Added Pin To Net: NetName=NetQ2_2 Pin=Q2-2
Added Pin To Net: NetName=NetQ2_2 Pin=R8-1
Added Net: Name=NetQ2_2
Added Pin To Net: NetName=NetQ3_2 Pin=Q3-2
Added Pin To Net: NetName=NetQ3_2 Pin=R9-1
Added Net: Name=NetQ3_2
Added Pin To Net: NetName=RST Pin=CON1-7
Added Pin To Net: NetName=RST Pin=CON4-7
Added Pin To Net: NetName=RST Pin=U1-28
Added Net: Name=RST
Added Pin To Net: NetName=sc1 Pin=CON1-5
Added Pin To Net: NetName=sc1 Pin=U1-27
Added Net: Name=sc1
Added Pin To Net: NetName=sc2 Pin=CON4-5
Added Pin To Net: NetName=sc2 Pin=U1-29
Added Net: Name=sc2
Added Pin To Net: NetName=SCK Pin=CON1-2
Added Pin To Net: NetName=SCK Pin=CON4-2
Added Pin To Net: NetName=SCK Pin=U1-24
Added Net: Name=SCK
Added Pin To Net: NetName=SCL_IN Pin=CON11-2
Added Pin To Net: NetName=SCL_IN Pin=R3-2
Added Pin To Net: NetName=SCL_IN Pin=U1-11
Added Net: Name=SCL_IN
Added Pin To Net: NetName=SDA_IN Pin=CON11-3
Added Pin To Net: NetName=SDA_IN Pin=R4-2
Added Pin To Net: NetName=SDA_IN Pin=U1-10
Added Net: Name=SDA_IN
Added Pin To Net: NetName=SDA Pin=CON1-1
Added Pin To Net: NetName=SDA Pin=CON4-1
Added Pin To Net: NetName=SDA Pin=U1-26
Added Net: Name=SDA
Added Pin To Net: NetName=trava Pin=R5-1
Added Pin To Net: NetName=trava Pin=U1-21
Added Net: Name=trava
Added Class: Name=InterfaceComUsuario
Added Room: Name=InterfaceComUsuario
