Added Component: Designator=Q2(TO92)
Add component (AddParameter): Name = "Brand"; Value = "Fairchild Semiconductor"; VariantName = "[No Variations]"
Add component (AddParameter): Name = "Collector- Base Voltage VCBO"; Value = "30 V"; VariantName = "[No Variations]"
Add component (AddParameter): Name = "Collector- Emitter Voltage VCEO Max"; Value = "30 V"; VariantName = "[No Variations]"
Add component (AddParameter): Name = "Collector-Emitter Saturation Voltage"; Value = "200 mV"; VariantName = "[No Variations]"
Add component (AddParameter): Name = "ComponentLink1Description"; Value = "https://datasheet.ciiva.com/982/bc546-982130.pdf"; VariantName = "[No Variations]"
Add component (AddParameter): Name = "ComponentLink1URL"; Value = "https://datasheet.ciiva.com/982/bc546-982130.pdf"; VariantName = "[No Variations]"
Add component (AddParameter): Name = "ComponentLink2Description"; Value = "https://datasheet.ciiva.com/17179/bc549-17179663.pdf"; VariantName = "[No Variations]"
Add component (AddParameter): Name = "ComponentLink2URL"; Value = "https://datasheet.ciiva.com/17179/bc549-17179663.pdf"; VariantName = "[No Variations]"
Add component (AddParameter): Name = "Configuration"; Value = "Single"; VariantName = "[No Variations]"
Add component (AddParameter): Name = "DC Collector/Base Gain hfe Min"; Value = "110"; VariantName = "[No Variations]"
Add component (AddParameter): Name = "DC Current Gain hFE Max"; Value = "800"; VariantName = "[No Variations]"
Add component (AddParameter): Name = "Emitter- Base Voltage VEBO"; Value = "5 V"; VariantName = "[No Variations]"
Add component (AddParameter): Name = "Factory Pack Quantity"; Value = "2000"; VariantName = "[No Variations]"
Add component (AddParameter): Name = "Gain Bandwidth Product fT"; Value = "300 MHz"; VariantName = "[No Variations]"
Add component (AddParameter): Name = "Manufacturer"; Value = "Fairchild Semiconductor"; VariantName = "[No Variations]"
Add component (AddParameter): Name = "Manufacturer Part Number"; Value = "BC549"; VariantName = "[No Variations]"
Add component (AddParameter): Name = "Maximum DC Collector Current"; Value = "0.1 A"; VariantName = "[No Variations]"
Add component (AddParameter): Name = "Maximum Operating Temperature"; Value = "+ 150 C"; VariantName = "[No Variations]"
Add component (AddParameter): Name = "Maximum Power Dissipation"; Value = "0.5 W"; VariantName = "[No Variations]"
Add component (AddParameter): Name = "Minimum Operating Temperature"; Value = "- 65 C"; VariantName = "[No Variations]"
Add component (AddParameter): Name = "Mounting Style"; Value = "Through Hole"; VariantName = "[No Variations]"
Add component (AddParameter): Name = "Package / Case"; Value = "TO-92-3"; VariantName = "[No Variations]"
Add component (AddParameter): Name = "Packaging"; Value = "Bulk"; VariantName = "[No Variations]"
Add component (AddParameter): Name = "Product Category"; Value = "Bipolar Transistors - BJT"; VariantName = "[No Variations]"
Add component (AddParameter): Name = "RoHS"; Value = "Details"; VariantName = "[No Variations]"
Add component (AddParameter): Name = "Series"; Value = "BC549"; VariantName = "[No Variations]"
Add component (AddParameter): Name = "Supplier 1"; Value = "Mouser"; VariantName = "[No Variations]"
Add component (AddParameter): Name = "Supplier Part Number 1"; Value = "512-BC549"; VariantName = "[No Variations]"
Add component (AddParameter): Name = "Transistor Polarity"; Value = "NPN"; VariantName = "[No Variations]"
Added Pin To Net: NetName=+5 Pin=CON3-3
Added Pin To Net: NetName=+5 Pin=CON3-4
Added Pin To Net: NetName=+5 Pin=CON5-2
Added Pin To Net: NetName=+5 Pin=D2-1
Added Pin To Net: NetName=+5 Pin=IC1-5
Added Pin To Net: NetName=+5 Pin=K1-1
Added Pin To Net: NetName=+5 Pin=Q1-1
Added Net: Name=+5
Added Pin To Net: NetName=+12 Pin=CON8-2
Added Pin To Net: NetName=+12 Pin=F1-1
Added Pin To Net: NetName=+12 Pin=K1-2
Added Pin To Net: NetName=+12 Pin=R2-2
Added Pin To Net: NetName=+12 Pin=U1-15
Added Net: Name=+12
Added Pin To Net: NetName=3V3p Pin=CON11-4
Added Pin To Net: NetName=3V3p Pin=R3-1
Added Pin To Net: NetName=3V3p Pin=R4-1
Added Net: Name=3V3p
Added Pin To Net: NetName=3V3 Pin=CON1-8
Added Pin To Net: NetName=3V3 Pin=R10-2
Added Pin To Net: NetName=3V3 Pin=U1-16
Added Net: Name=3V3
Added Pin To Net: NetName=buttom Pin=CON2-2
Added Pin To Net: NetName=buttom Pin=R1-2
Added Pin To Net: NetName=buttom Pin=U1-23
Added Net: Name=buttom
Added Pin To Net: NetName=en Pin=Q3-1
Added Pin To Net: NetName=en Pin=R10-1
Added Pin To Net: NetName=en Pin=U1-1
Added Net: Name=en
Added Pin To Net: NetName=GND Pin=CON1-6
Added Pin To Net: NetName=GND Pin=CON2-1
Added Pin To Net: NetName=GND Pin=CON3-1
Added Pin To Net: NetName=GND Pin=CON3-2
Added Pin To Net: NetName=GND Pin=CON5-1
Added Pin To Net: NetName=GND Pin=CON8-1
Added Pin To Net: NetName=GND Pin=CON10-1
Added Pin To Net: NetName=GND Pin=CON11-1
Added Pin To Net: NetName=GND Pin=CON13-1
Added Pin To Net: NetName=GND Pin=D1-2
Added Pin To Net: NetName=GND Pin=D3-2
Added Pin To Net: NetName=GND Pin=D4-2
Added Pin To Net: NetName=GND Pin=IC1-2
Added Pin To Net: NetName=GND Pin=Q2-3
Added Pin To Net: NetName=GND Pin=Q3-3
Added Pin To Net: NetName=GND Pin=R1-1
Added Pin To Net: NetName=GND Pin=U1-14
Added Pin To Net: NetName=GND Pin=U1-17
Added Net: Name=GND
Added Pin To Net: NetName=MISO Pin=CON1-4
Added Pin To Net: NetName=MISO Pin=U1-25
Added Net: Name=MISO
Added Pin To Net: NetName=MOSI Pin=CON1-3
Added Pin To Net: NetName=MOSI Pin=U1-30
Added Net: Name=MOSI
Added Pin To Net: NetName=motor_d1 Pin=CON6-1
Added Pin To Net: NetName=motor_d1 Pin=CON7-1
Added Pin To Net: NetName=motor_d1 Pin=U1-18
Added Net: Name=motor_d1
Added Pin To Net: NetName=motor_d2 Pin=CON6-2
Added Pin To Net: NetName=motor_d2 Pin=CON7-2
Added Pin To Net: NetName=motor_d2 Pin=U1-19
Added Net: Name=motor_d2
Added Pin To Net: NetName=motor_d3 Pin=CON7-3
Added Pin To Net: NetName=motor_d3 Pin=U1-20
Added Net: Name=motor_d3
Added Pin To Net: NetName=motor_d4 Pin=CON6-4
Added Pin To Net: NetName=motor_d4 Pin=CON7-4
Added Pin To Net: NetName=motor_d4 Pin=U1-21
Added Net: Name=motor_d4
Added Pin To Net: NetName=motor_e1 Pin=CON9-1
Added Pin To Net: NetName=motor_e1 Pin=CON12-1
Added Pin To Net: NetName=motor_e1 Pin=U1-9
Added Net: Name=motor_e1
Added Pin To Net: NetName=motor_e2 Pin=CON9-2
Added Pin To Net: NetName=motor_e2 Pin=CON12-2
Added Pin To Net: NetName=motor_e2 Pin=U1-8
Added Net: Name=motor_e2
Added Pin To Net: NetName=motor_e3 Pin=CON9-3
Added Pin To Net: NetName=motor_e3 Pin=CON12-3
Added Pin To Net: NetName=motor_e3 Pin=U1-7
Added Net: Name=motor_e3
Added Pin To Net: NetName=motor_e4 Pin=CON9-4
Added Pin To Net: NetName=motor_e4 Pin=CON12-4
Added Pin To Net: NetName=motor_e4 Pin=U1-6
Added Net: Name=motor_e4
Added Pin To Net: NetName=NetCON3_5 Pin=CON3-5
Added Pin To Net: NetName=NetCON3_5 Pin=F1-2
Added Net: Name=NetCON3_5
Added Pin To Net: NetName=NetCON10_2 Pin=CON10-2
Added Pin To Net: NetName=NetCON10_2 Pin=D3-1
Added Pin To Net: NetName=NetCON10_2 Pin=K1-5
Added Net: Name=NetCON10_2
Added Pin To Net: NetName=NetCON13_2 Pin=CON13-2
Added Pin To Net: NetName=NetCON13_2 Pin=R9-2
Added Net: Name=NetCON13_2
Added Pin To Net: NetName=NetD1_1 Pin=D1-1
Added Pin To Net: NetName=NetD1_1 Pin=R2-1
Added Net: Name=NetD1_1
Added Pin To Net: NetName=NetD2_2 Pin=D2-2
Added Pin To Net: NetName=NetD2_2 Pin=K1-3
Added Pin To Net: NetName=NetD2_2 Pin=Q2-1
Added Net: Name=NetD2_2
Added Pin To Net: NetName=NetD4_1 Pin=D4-1
Added Pin To Net: NetName=NetD4_1 Pin=R6-2
Added Net: Name=NetD4_1
Added Pin To Net: NetName=NetIC1_1 Pin=IC1-1
Added Pin To Net: NetName=NetIC1_1 Pin=R7-1
Added Net: Name=NetIC1_1
Added Pin To Net: NetName=NetIC1_4 Pin=IC1-4
Added Pin To Net: NetName=NetIC1_4 Pin=R8-2
Added Net: Name=NetIC1_4
Added Pin To Net: NetName=NetQ1_2 Pin=Q1-2
Added Pin To Net: NetName=NetQ1_2 Pin=R5-2
Added Net: Name=NetQ1_2
Added Pin To Net: NetName=NetQ1_3 Pin=Q1-3
Added Pin To Net: NetName=NetQ1_3 Pin=R6-1
Added Pin To Net: NetName=NetQ1_3 Pin=R7-2
Added Net: Name=NetQ1_3
Added Pin To Net: NetName=NetQ2_2 Pin=Q2-2
Added Pin To Net: NetName=NetQ2_2 Pin=R8-1
Added Net: Name=NetQ2_2
Added Pin To Net: NetName=NetQ3_2 Pin=Q3-2
Added Pin To Net: NetName=NetQ3_2 Pin=R9-1
Added Net: Name=NetQ3_2
Added Pin To Net: NetName=RST Pin=CON1-7
Added Pin To Net: NetName=RST Pin=U1-28
Added Net: Name=RST
Added Pin To Net: NetName=SCK Pin=CON1-2
Added Pin To Net: NetName=SCK Pin=U1-24
Added Net: Name=SCK
Added Pin To Net: NetName=SCL_IN Pin=CON11-2
Added Pin To Net: NetName=SCL_IN Pin=R3-2
Added Pin To Net: NetName=SCL_IN Pin=U1-11
Added Net: Name=SCL_IN
Added Pin To Net: NetName=SDA_IN Pin=CON11-3
Added Pin To Net: NetName=SDA_IN Pin=R4-2
Added Pin To Net: NetName=SDA_IN Pin=U1-10
Added Net: Name=SDA_IN
Added Pin To Net: NetName=SDA Pin=CON1-1
Added Pin To Net: NetName=SDA Pin=U1-26
Added Net: Name=SDA
Added Pin To Net: NetName=trava Pin=R5-1
Added Pin To Net: NetName=trava Pin=U1-22
Added Net: Name=trava
Added Class: Name=InterfaceComUsuario
Added Room: Name=InterfaceComUsuario
