Added Pin To Net: NetName=+5 Pin=-15
Added Pin To Net: NetName=+5 Pin=C1-1
Added Pin To Net: NetName=+5 Pin=C2-1
Added Pin To Net: NetName=+5 Pin=CON1-3
Added Pin To Net: NetName=+5 Pin=CON2-3
Added Pin To Net: NetName=+5 Pin=CON2-4
Added Pin To Net: NetName=+5 Pin=CON7-3
Added Pin To Net: NetName=+5 Pin=CON8-3
Added Pin To Net: NetName=+5 Pin=CON9-2
Added Net: Name=+5
Added Pin To Net: NetName=+12 Pin=CON2-5
Added Pin To Net: NetName=+12 Pin=CON3-3
Added Pin To Net: NetName=+12 Pin=CON4-4
Added Pin To Net: NetName=+12 Pin=CON5-2
Added Pin To Net: NetName=+12 Pin=CON6-2
Added Pin To Net: NetName=+12 Pin=R2-2
Added Pin To Net: NetName=+12 Pin=R3-1
Added Pin To Net: NetName=+12 Pin=U1-15
Added Net: Name=+12
Added Pin To Net: NetName=3V3 Pin=-5
Added Pin To Net: NetName=3V3 Pin=CON10-4
Added Pin To Net: NetName=3V3 Pin=R5-1
Added Pin To Net: NetName=3V3 Pin=R6-1
Added Pin To Net: NetName=3V3 Pin=U1-16
Added Net: Name=3V3
Added Pin To Net: NetName=Buzzer_3V3 Pin=-10
Added Pin To Net: NetName=Buzzer_3V3 Pin=U1-21
Added Net: Name=Buzzer_3V3
Added Pin To Net: NetName=Buzzer_5V Pin=-20
Added Pin To Net: NetName=Buzzer_5V Pin=R4-1
Added Net: Name=Buzzer_5V
Added Pin To Net: NetName=Camêra_3V3 Pin=-2
Added Pin To Net: NetName=Camêra_3V3 Pin=U1-11
Added Net: Name=Camêra_3V3
Added Pin To Net: NetName=Camêra_5V Pin=-12
Added Pin To Net: NetName=Camêra_5V Pin=CON3-2
Added Net: Name=Camêra_5V
Added Pin To Net: NetName=Dado1 Led_3V3 Pin=-9
Added Pin To Net: NetName=Dado1 Led_3V3 Pin=U1-20
Added Net: Name=Dado1 Led_3V3
Added Pin To Net: NetName=Dado1 Led_5V Pin=-19
Added Pin To Net: NetName=Dado1 Led_5V Pin=CON1-2
Added Net: Name=Dado1 Led_5V
Added Pin To Net: NetName=Dado2 Led_3V3 Pin=-8
Added Pin To Net: NetName=Dado2 Led_3V3 Pin=U1-19
Added Net: Name=Dado2 Led_3V3
Added Pin To Net: NetName=Dado2 Led_5V Pin=-18
Added Pin To Net: NetName=Dado2 Led_5V Pin=CON8-2
Added Net: Name=Dado2 Led_5V
Added Pin To Net: NetName=Dado3 Led_3V3 Pin=-7
Added Pin To Net: NetName=Dado3 Led_3V3 Pin=U1-18
Added Net: Name=Dado3 Led_3V3
Added Pin To Net: NetName=Dado3 Led_5V Pin=-17
Added Pin To Net: NetName=Dado3 Led_5V Pin=CON7-2
Added Net: Name=Dado3 Led_5V
Added Pin To Net: NetName=GND Pin=-6
Added Pin To Net: NetName=GND Pin=-16
Added Pin To Net: NetName=GND Pin=C1-2
Added Pin To Net: NetName=GND Pin=C2-2
Added Pin To Net: NetName=GND Pin=CON1-1
Added Pin To Net: NetName=GND Pin=CON2-1
Added Pin To Net: NetName=GND Pin=CON2-2
Added Pin To Net: NetName=GND Pin=CON3-1
Added Pin To Net: NetName=GND Pin=CON4-1
Added Pin To Net: NetName=GND Pin=CON5-1
Added Pin To Net: NetName=GND Pin=CON7-1
Added Pin To Net: NetName=GND Pin=CON8-1
Added Pin To Net: NetName=GND Pin=CON9-1
Added Pin To Net: NetName=GND Pin=CON10-1
Added Pin To Net: NetName=GND Pin=D1-2
Added Pin To Net: NetName=GND Pin=Q1-3
Added Pin To Net: NetName=GND Pin=U1-14
Added Pin To Net: NetName=GND Pin=U1-17
Added Net: Name=GND
Added Pin To Net: NetName=NetCON6_1 Pin=CON6-1
Added Pin To Net: NetName=NetCON6_1 Pin=Q1-1
Added Pin To Net: NetName=NetCON6_1 Pin=R3-2
Added Net: Name=NetCON6_1
Added Pin To Net: NetName=NetD1_1 Pin=D1-1
Added Pin To Net: NetName=NetD1_1 Pin=R2-1
Added Net: Name=NetD1_1
Added Pin To Net: NetName=NetQ1_2 Pin=Q1-2
Added Pin To Net: NetName=NetQ1_2 Pin=R4-2
Added Net: Name=NetQ1_2
Added Pin To Net: NetName=S_d_3V3 Pin=-4
Added Pin To Net: NetName=S_d_3V3 Pin=U1-13
Added Net: Name=S_d_3V3
Added Pin To Net: NetName=S_d_5V Pin=-14
Added Pin To Net: NetName=S_d_5V Pin=CON4-3
Added Net: Name=S_d_5V
Added Pin To Net: NetName=S_e_3V3 Pin=-3
Added Pin To Net: NetName=S_e_3V3 Pin=U1-12
Added Net: Name=S_e_3V3
Added Pin To Net: NetName=S_e_5V Pin=-13
Added Pin To Net: NetName=S_e_5V Pin=CON4-2
Added Net: Name=S_e_5V
Added Pin To Net: NetName=SCL Pin=CON10-2
Added Pin To Net: NetName=SCL Pin=R5-2
Added Pin To Net: NetName=SCL Pin=U1-29
Added Net: Name=SCL
Added Pin To Net: NetName=SDA Pin=CON10-3
Added Pin To Net: NetName=SDA Pin=R6-2
Added Pin To Net: NetName=SDA Pin=U1-26
Added Net: Name=SDA
Added Room: Name=Sinalização
