Added Component: Designator=CON?(KK_2VIAS_180º)
Add component (AddParameter): Name = "Descrição"; Value = "Conector KK 3 vias com passo 2.54mm"; VariantName = "[No Variations]"
Add component (AddParameter): Name = "Encapsulamento"; Value = "PTH - 180º"; VariantName = "[No Variations]"
Add component (AddParameter): Name = "Marca"; Value = ""; VariantName = "[No Variations]"
Add component (AddParameter): Name = "Modelo"; Value = "2 vias - 180º"; VariantName = "[No Variations]"
Add component (AddParameter): Name = "Observação"; Value = ""; VariantName = "[No Variations]"
Add component (AddParameter): Name = "Valor"; Value = "KK 2 vias 180º"; VariantName = "[No Variations]"
Added Component: Designator=CON?(KK_2VIAS_180º)
Add component (AddParameter): Name = "Descrição"; Value = "Conector KK 3 vias com passo 2.54mm"; VariantName = "[No Variations]"
Add component (AddParameter): Name = "Encapsulamento"; Value = "PTH - 180º"; VariantName = "[No Variations]"
Add component (AddParameter): Name = "Marca"; Value = ""; VariantName = "[No Variations]"
Add component (AddParameter): Name = "Modelo"; Value = "2 vias - 180º"; VariantName = "[No Variations]"
Add component (AddParameter): Name = "Observação"; Value = ""; VariantName = "[No Variations]"
Add component (AddParameter): Name = "Valor"; Value = "KK 2 vias 180º"; VariantName = "[No Variations]"
Added Pin To Net: NetName=+5 Pin=CON2-3
Added Pin To Net: NetName=+5 Pin=CON2-4
Added Pin To Net: NetName=+5 Pin=CON?-2
Added Net: Name=+5
Added Pin To Net: NetName=+12 Pin=CON2-5
Added Pin To Net: NetName=+12 Pin=CON?-2
Added Pin To Net: NetName=+12 Pin=U1-15
Added Net: Name=+12
Added Pin To Net: NetName=3V3p Pin=CON4-4
Added Pin To Net: NetName=3V3p Pin=R5-2
Added Pin To Net: NetName=3V3p Pin=R6-1
Added Pin To Net: NetName=3V3p Pin=R7-1
Added Pin To Net: NetName=3V3p Pin=U1-16
Added Net: Name=3V3p
Added Pin To Net: NetName=12V Pin=R1-2
Added Net: Name=12V
Added Pin To Net: NetName=acelerador Pin=CON5-2
Added Pin To Net: NetName=acelerador Pin=U1-9
Added Net: Name=acelerador
Added Pin To Net: NetName=Chave Pin=R2-2
Added Pin To Net: NetName=Chave Pin=R3-2
Added Pin To Net: NetName=Chave Pin=U1-18
Added Net: Name=Chave
Added Pin To Net: NetName=en Pin=Q2-1
Added Pin To Net: NetName=en Pin=R5-1
Added Pin To Net: NetName=en Pin=U1-1
Added Net: Name=en
Added Pin To Net: NetName=GND Pin=CON1-1
Added Pin To Net: NetName=GND Pin=CON2-1
Added Pin To Net: NetName=GND Pin=CON2-2
Added Pin To Net: NetName=GND Pin=CON4-1
Added Pin To Net: NetName=GND Pin=CON5-1
Added Pin To Net: NetName=GND Pin=CON?-1
Added Pin To Net: NetName=GND Pin=CON?-1
Added Pin To Net: NetName=GND Pin=D1-2
Added Pin To Net: NetName=GND Pin=LED1-1
Added Pin To Net: NetName=GND Pin=Q2-3
Added Pin To Net: NetName=GND Pin=R8-1
Added Pin To Net: NetName=GND Pin=R?-1
Added Pin To Net: NetName=GND Pin=U1-14
Added Pin To Net: NetName=GND Pin=U1-17
Added Net: Name=GND
Added Pin To Net: NetName=NetCON1_2 Pin=CON1-2
Added Pin To Net: NetName=NetCON1_2 Pin=R4-2
Added Net: Name=NetCON1_2
Added Pin To Net: NetName=NetCON3_1 Pin=CON3-1
Added Pin To Net: NetName=NetCON3_1 Pin=Q1-3
Added Pin To Net: NetName=NetCON3_1 Pin=R?-2
Added Net: Name=NetCON3_1
Added Pin To Net: NetName=NetCON3_2 Pin=CON3-2
Added Pin To Net: NetName=NetCON3_2 Pin=Q1-2
Added Net: Name=NetCON3_2
Added Pin To Net: NetName=NetD1_1 Pin=D1-1
Added Pin To Net: NetName=NetD1_1 Pin=R1-1
Added Net: Name=NetD1_1
Added Pin To Net: NetName=NetLED1_2 Pin=LED1-2
Added Pin To Net: NetName=NetLED1_2 Pin=R3-1
Added Net: Name=NetLED1_2
Added Pin To Net: NetName=NetQ1_1 Pin=Q1-1
Added Pin To Net: NetName=NetQ1_1 Pin=R2-1
Added Pin To Net: NetName=NetQ1_1 Pin=R8-2
Added Net: Name=NetQ1_1
Added Pin To Net: NetName=NetQ2_2 Pin=Q2-2
Added Pin To Net: NetName=NetQ2_2 Pin=R4-1
Added Net: Name=NetQ2_2
Added Pin To Net: NetName=SCL_IN Pin=CON4-2
Added Pin To Net: NetName=SCL_IN Pin=R6-2
Added Pin To Net: NetName=SCL_IN Pin=U1-30
Added Net: Name=SCL_IN
Added Pin To Net: NetName=SDA_IN Pin=CON4-3
Added Pin To Net: NetName=SDA_IN Pin=R7-2
Added Pin To Net: NetName=SDA_IN Pin=U1-29
Added Net: Name=SDA_IN
Added Pin To Net: NetName=volante Pin=CON5-3
Added Pin To Net: NetName=volante Pin=U1-8
Added Net: Name=volante
Added Class: Name=controlador drivers
Added Room: Name=controlador drivers
